
> Task :compileJava FAILED
/home/pendragon/Projects/mindforge-demo/mindforge-be/src/main/java/mindforge/service/AuthenticationService.java:134: Fehler: Symbol nicht gefunden
  public Optional<AuthenticationResponseDto> loginWithTokens(UserRequestDto request) {
                  ^
  Symbol: Klasse AuthenticationResponseDto
  Ort: Klasse AuthenticationService
1 Fehler

[Incubating] Problems report is available at: file:///home/pendragon/Projects/mindforge-demo/mindforge-be/build/reports/problems/problems-report.html

FAILURE: Build failed with an exception.

* What went wrong:
Execution failed for task ':compileJava'.
> Compilation failed; see the compiler output below.
  /home/pendragon/Projects/mindforge-demo/mindforge-be/src/main/java/mindforge/service/AuthenticationService.java:134: Fehler: Symbol nicht gefunden
    public Optional<AuthenticationResponseDto> loginWithTokens(UserRequestDto request) {
                    ^
    Symbol: Klasse AuthenticationResponseDto
    Ort: Klasse AuthenticationService
  1 Fehler

* Try:
> Check your code and dependencies to fix the compilation error(s)
> Run with --scan to get full insights.

BUILD FAILED in 879ms
1 actionable task: 1 executed
